<?xml version="1.0" encoding="UTF-8"?>
<!-- Generated by org.testng.reporters.JUnitReportReporter -->
<testsuite skipped="0" hostname="LAPTOP-91J108P6" name="com.nopcommerce.demo.testsuite.HomePageTest" tests="1" failures="0" timestamp="2022-12-13T22:52:52 GMT" time="6.534" errors="0">
  <testcase name="verifyPageNavigationToComputerPageSuccessfully" time="6.534" classname="com.nopcommerce.demo.testsuite.HomePageTest"/>
  <system-out>
    <![CDATA[Clicking on Computer Link : [[ChromeDriver: chrome on WINDOWS (65b2b6a01962edc79be993f073698a1c)] -> xpath: //ul[@class='top-menu notmobile']//a[contains(text(),'Computers')]]]]>
  </system-out>
</testsuite> <!-- com.nopcommerce.demo.testsuite.HomePageTest -->
