<?xml version="1.0" encoding="UTF-8"?>
<!-- Generated by org.testng.reporters.JUnitReportReporter -->
<testsuite skipped="0" hostname="LAPTOP-91J108P6" name="com.nopcommerce.demo.testsuite.ComputerPageTest" tests="2" failures="0" timestamp="2022-12-13T22:52:52 GMT" time="24.189" errors="0">
  <testcase name="verifyProductAddedToShoppingCartSuccessFully" time="18.317" classname="com.nopcommerce.demo.testsuite.ComputerPageTest"/>
  <system-out>
    <![CDATA[Clicking on Computer Tab : [[ChromeDriver: chrome on WINDOWS (c26b981dba5a822e807be9a0d405306d)] -> xpath: //ul[@class='top-menu notmobile']//a[contains(text(),'Computers')]]
Clicking on Desktop : [[ChromeDriver: chrome on WINDOWS (c26b981dba5a822e807be9a0d405306d)] -> link text: Desktops]
Clicking on Add to cart Tab : [[ChromeDriver: chrome on WINDOWS (c26b981dba5a822e807be9a0d405306d)] -> xpath: //div[@class='add-info']//button[@onclick='return AjaxCart.addproducttocart_catalog("/addproducttocart/catalog/1/1/1"),!1']]
Clicking on Add to oCart Link : [[ChromeDriver: chrome on WINDOWS (c26b981dba5a822e807be9a0d405306d)] -> id: add-to-cart-button-1]
Get Text Message : [[ChromeDriver: chrome on WINDOWS (c26b981dba5a822e807be9a0d405306d)] -> xpath: //div[@class='bar-notification success']/p[1]]
Clicking on Cross button : [[ChromeDriver: chrome on WINDOWS (c26b981dba5a822e807be9a0d405306d)] -> xpath: //span[@class='close']]
Verify Text Message : [[ChromeDriver: chrome on WINDOWS (c26b981dba5a822e807be9a0d405306d)] -> xpath: //h1[text()='Shopping cart']]
Clicking on Update ShoppingCart : [[ChromeDriver: chrome on WINDOWS (c26b981dba5a822e807be9a0d405306d)] -> xpath: //button[@id='updatecart']]
Verify Text  : [[ChromeDriver: chrome on WINDOWS (c26b981dba5a822e807be9a0d405306d)] -> xpath: //tbody/tr[4]/td[2]/span[1]/strong[1]]
Clicking on CheckBox : [[ChromeDriver: chrome on WINDOWS (c26b981dba5a822e807be9a0d405306d)] -> xpath: /html[1]/body[1]/div[6]/div[3]/div[1]/div[1]/div[1]/div[2]/div[1]/form[1]/div[3]/div[2]/div[3]/input[1]]
Clicking on CheckOut : [[ChromeDriver: chrome on WINDOWS (c26b981dba5a822e807be9a0d405306d)] -> xpath: //button[@class='button-1 checkout-button']]
Clicking on Guest Checkout Tab : [[ChromeDriver: chrome on WINDOWS (c26b981dba5a822e807be9a0d405306d)] -> xpath: //button[contains(text(),'Checkout as Guest')]]
Sending FirstName  : John to [[ChromeDriver: chrome on WINDOWS (c26b981dba5a822e807be9a0d405306d)] -> id: BillingNewAddress_FirstName]
Sending Lastname  : white to [[ChromeDriver: chrome on WINDOWS (c26b981dba5a822e807be9a0d405306d)] -> id: BillingNewAddress_LastName]
Sending email  : 123aaa@gmail.com to [[ChromeDriver: chrome on WINDOWS (c26b981dba5a822e807be9a0d405306d)] -> id: BillingNewAddress_Email]
Select Country  : United Kingdom to [[ChromeDriver: chrome on WINDOWS (c26b981dba5a822e807be9a0d405306d)] -> id: BillingNewAddress_CountryId]
Enter City  : London to [[ChromeDriver: chrome on WINDOWS (c26b981dba5a822e807be9a0d405306d)] -> id: BillingNewAddress_City]
Enter address1  : 14 crofts Rd to [[ChromeDriver: chrome on WINDOWS (c26b981dba5a822e807be9a0d405306d)] -> id: BillingNewAddress_Address1]
Enter PostCode  : wd17 2tr to [[ChromeDriver: chrome on WINDOWS (c26b981dba5a822e807be9a0d405306d)] -> id: BillingNewAddress_ZipPostalCode]
Enter phoneNumber  : 07654327856 to [[ChromeDriver: chrome on WINDOWS (c26b981dba5a822e807be9a0d405306d)] -> id: BillingNewAddress_PhoneNumber]
Clicking on Continue Tab : [[ChromeDriver: chrome on WINDOWS (c26b981dba5a822e807be9a0d405306d)] -> xpath: //div[@id='billing-buttons-container']//button[text()='Continue']]
Clicking on RadioButton : [[ChromeDriver: chrome on WINDOWS (c26b981dba5a822e807be9a0d405306d)] -> id: shippingoption_1]
Clicking on Continue Tab : [[ChromeDriver: chrome on WINDOWS (c26b981dba5a822e807be9a0d405306d)] -> xpath: //button[@class='button-1 shipping-method-next-step-button']]
Enter cardholder name  : john white to [[ChromeDriver: chrome on WINDOWS (c26b981dba5a822e807be9a0d405306d)] -> id: CardholderName]
Enter cardNumber name  : 0795 5666 6667 7777 to [[ChromeDriver: chrome on WINDOWS (c26b981dba5a822e807be9a0d405306d)] -> id: CardNumber]
Enter expireMonth  : 05 to [[ChromeDriver: chrome on WINDOWS (c26b981dba5a822e807be9a0d405306d)] -> id: ExpireMonth]
Enter expireYear  : 2025 to [[ChromeDriver: chrome on WINDOWS (c26b981dba5a822e807be9a0d405306d)] -> id: ExpireYear]
Enter cvvNumber  : 567 to [[ChromeDriver: chrome on WINDOWS (c26b981dba5a822e807be9a0d405306d)] -> xpath: //input[@data-val-regex='Wrong card code']]
Clicking on Continue Tab : [[ChromeDriver: chrome on WINDOWS (c26b981dba5a822e807be9a0d405306d)] -> xpath: //button[@class='button-1 payment-info-next-step-button']]
Verify PaymentMethod : [[ChromeDriver: chrome on WINDOWS (c26b981dba5a822e807be9a0d405306d)] -> xpath: //span[contains(text(),'Payment Method:')]]
Verify Message : [[ChromeDriver: chrome on WINDOWS (c26b981dba5a822e807be9a0d405306d)] -> xpath: //span[contains(text(),'Credit Card')]]
Verify Message : [[ChromeDriver: chrome on WINDOWS (c26b981dba5a822e807be9a0d405306d)] -> xpath: //span[contains(text(),'Shipping Method:')]]
Verify Message : [[ChromeDriver: chrome on WINDOWS (c26b981dba5a822e807be9a0d405306d)] -> xpath: //ul//li//span[contains(text(),'Next Day Air')]]
Verify Total : [[ChromeDriver: chrome on WINDOWS (c26b981dba5a822e807be9a0d405306d)] -> xpath: //span//strong[contains(text(),'$2,950.00')]]
Clicking on confirm Tab : [[ChromeDriver: chrome on WINDOWS (c26b981dba5a822e807be9a0d405306d)] -> xpath: //button[@type='button' and @onclick='ConfirmOrder.save()']]
Verify Message : [[ChromeDriver: chrome on WINDOWS (c26b981dba5a822e807be9a0d405306d)] -> xpath: //h1[text()='Thank you']]
Verify Message : [[ChromeDriver: chrome on WINDOWS (c26b981dba5a822e807be9a0d405306d)] -> xpath: //strong[text()='Your order has been successfully processed!']]
Clicking on Continue Tab : [[ChromeDriver: chrome on WINDOWS (c26b981dba5a822e807be9a0d405306d)] -> xpath: //button[@onclick='setLocation("/")']]
Verify Text : [[ChromeDriver: chrome on WINDOWS (c26b981dba5a822e807be9a0d405306d)] -> xpath: //h2[text()='Welcome to our store']]]]>
  </system-out>
  <testcase name="verifyProductArrangeInAlphaBaticalOrder" time="5.872" classname="com.nopcommerce.demo.testsuite.ComputerPageTest"/>
  <system-out>
    <![CDATA[Clicking on Computer Tab : [[ChromeDriver: chrome on WINDOWS (aaf215674db67558a467349a405d7599)] -> xpath: //ul[@class='top-menu notmobile']//a[contains(text(),'Computers')]]
Clicking on Desktop : [[ChromeDriver: chrome on WINDOWS (aaf215674db67558a467349a405d7599)] -> link text: Desktops]]]>
  </system-out>
</testsuite> <!-- com.nopcommerce.demo.testsuite.ComputerPageTest -->
